[2021-12-31 08:47:06] local.ERROR: No application encryption key has been specified. {"exception":"[object] (Illuminate\\Encryption\\MissingAppKeyException(code: 0): No application encryption key has been specified. at /var/www/html/MD5/Dự án/quiz2022-backend/project-quizz/vendor/laravel/framework/src/Illuminate/Encryption/EncryptionServiceProvider.php:101)
[stacktrace]
#0 /var/www/html/MD5/Dự án/quiz2022-backend/project-quizz/vendor/laravel/framework/src/Illuminate/Support/helpers.php(263): Illuminate\\Encryption\\EncryptionServiceProvider->Illuminate\\Encryption\\{closure}()
#1 /var/www/html/MD5/Dự án/quiz2022-backend/project-quizz/vendor/laravel/framework/src/Illuminate/Encryption/EncryptionServiceProvider.php(103): tap()
#2 /var/www/html/MD5/Dự án/quiz2022-backend/project-quizz/vendor/laravel/framework/src/Illuminate/Encryption/EncryptionServiceProvider.php(82): Illuminate\\Encryption\\EncryptionServiceProvider->key()
#3 /var/www/html/MD5/Dự án/quiz2022-backend/project-quizz/vendor/laravel/framework/src/Illuminate/Encryption/EncryptionServiceProvider.php(34): Illuminate\\Encryption\\EncryptionServiceProvider->parseKey()
#4 /var/www/html/MD5/Dự án/quiz2022-backend/project-quizz/vendor/laravel/framework/src/Illuminate/Container/Container.php(873): Illuminate\\Encryption\\EncryptionServiceProvider->Illuminate\\Encryption\\{closure}()
#5 /var/www/html/MD5/Dự án/quiz2022-backend/project-quizz/vendor/laravel/framework/src/Illuminate/Container/Container.php(758): Illuminate\\Container\\Container->build()
#6 /var/www/html/MD5/Dự án/quiz2022-backend/project-quizz/vendor/laravel/framework/src/Illuminate/Foundation/Application.php(851): Illuminate\\Container\\Container->resolve()
#7 /var/www/html/MD5/Dự án/quiz2022-backend/project-quizz/vendor/laravel/framework/src/Illuminate/Container/Container.php(694): Illuminate\\Foundation\\Application->resolve()
#8 /var/www/html/MD5/Dự án/quiz2022-backend/project-quizz/vendor/laravel/framework/src/Illuminate/Foundation/Application.php(836): Illuminate\\Container\\Container->make()
#9 /var/www/html/MD5/Dự án/quiz2022-backend/project-quizz/vendor/laravel/framework/src/Illuminate/Container/Container.php(1031): Illuminate\\Foundation\\Application->make()
#10 /var/www/html/MD5/Dự án/quiz2022-backend/project-quizz/vendor/laravel/framework/src/Illuminate/Container/Container.php(951): Illuminate\\Container\\Container->resolveClass()
#11 /var/www/html/MD5/Dự án/quiz2022-backend/project-quizz/vendor/laravel/framework/src/Illuminate/Container/Container.php(912): Illuminate\\Container\\Container->resolveDependencies()
#12 /var/www/html/MD5/Dự án/quiz2022-backend/project-quizz/vendor/laravel/framework/src/Illuminate/Container/Container.php(758): Illuminate\\Container\\Container->build()
#13 /var/www/html/MD5/Dự án/quiz2022-backend/project-quizz/vendor/laravel/framework/src/Illuminate/Foundation/Application.php(851): Illuminate\\Container\\Container->resolve()
#14 /var/www/html/MD5/Dự án/quiz2022-backend/project-quizz/vendor/laravel/framework/src/Illuminate/Container/Container.php(694): Illuminate\\Foundation\\Application->resolve()
#15 /var/www/html/MD5/Dự án/quiz2022-backend/project-quizz/vendor/laravel/framework/src/Illuminate/Foundation/Application.php(836): Illuminate\\Container\\Container->make()
#16 /var/www/html/MD5/Dự án/quiz2022-backend/project-quizz/vendor/laravel/framework/src/Illuminate/Pipeline/Pipeline.php(156): Illuminate\\Foundation\\Application->make()
#17 /var/www/html/MD5/Dự án/quiz2022-backend/project-quizz/vendor/laravel/framework/src/Illuminate/Pipeline/Pipeline.php(103): Illuminate\\Pipeline\\Pipeline->Illuminate\\Pipeline\\{closure}()
#18 /var/www/html/MD5/Dự án/quiz2022-backend/project-quizz/vendor/laravel/framework/src/Illuminate/Routing/Router.php(697): Illuminate\\Pipeline\\Pipeline->then()
#19 /var/www/html/MD5/Dự án/quiz2022-backend/project-quizz/vendor/laravel/framework/src/Illuminate/Routing/Router.php(672): Illuminate\\Routing\\Router->runRouteWithinStack()
#20 /var/www/html/MD5/Dự án/quiz2022-backend/project-quizz/vendor/laravel/framework/src/Illuminate/Routing/Router.php(636): Illuminate\\Routing\\Router->runRoute()
#21 /var/www/html/MD5/Dự án/quiz2022-backend/project-quizz/vendor/laravel/framework/src/Illuminate/Routing/Router.php(625): Illuminate\\Routing\\Router->dispatchToRoute()
#22 /var/www/html/MD5/Dự án/quiz2022-backend/project-quizz/vendor/laravel/framework/src/Illuminate/Foundation/Http/Kernel.php(167): Illuminate\\Routing\\Router->dispatch()
#23 /var/www/html/MD5/Dự án/quiz2022-backend/project-quizz/vendor/laravel/framework/src/Illuminate/Pipeline/Pipeline.php(128): Illuminate\\Foundation\\Http\\Kernel->Illuminate\\Foundation\\Http\\{closure}()
#24 /var/www/html/MD5/Dự án/quiz2022-backend/project-quizz/vendor/laravel/framework/src/Illuminate/Foundation/Http/Middleware/TransformsRequest.php(21): Illuminate\\Pipeline\\Pipeline->Illuminate\\Pipeline\\{closure}()
#25 /var/www/html/MD5/Dự án/quiz2022-backend/project-quizz/vendor/laravel/framework/src/Illuminate/Foundation/Http/Middleware/ConvertEmptyStringsToNull.php(31): Illuminate\\Foundation\\Http\\Middleware\\TransformsRequest->handle()
#26 /var/www/html/MD5/Dự án/quiz2022-backend/project-quizz/vendor/laravel/framework/src/Illuminate/Pipeline/Pipeline.php(167): Illuminate\\Foundation\\Http\\Middleware\\ConvertEmptyStringsToNull->handle()
#27 /var/www/html/MD5/Dự án/quiz2022-backend/project-quizz/vendor/laravel/framework/src/Illuminate/Foundation/Http/Middleware/TransformsRequest.php(21): Illuminate\\Pipeline\\Pipeline->Illuminate\\Pipeline\\{closure}()
#28 /var/www/html/MD5/Dự án/quiz2022-backend/project-quizz/vendor/laravel/framework/src/Illuminate/Foundation/Http/Middleware/TrimStrings.php(40): Illuminate\\Foundation\\Http\\Middleware\\TransformsRequest->handle()
#29 /var/www/html/MD5/Dự án/quiz2022-backend/project-quizz/vendor/laravel/framework/src/Illuminate/Pipeline/Pipeline.php(167): Illuminate\\Foundation\\Http\\Middleware\\TrimStrings->handle()
#30 /var/www/html/MD5/Dự án/quiz2022-backend/project-quizz/vendor/laravel/framework/src/Illuminate/Foundation/Http/Middleware/ValidatePostSize.php(27): Illuminate\\Pipeline\\Pipeline->Illuminate\\Pipeline\\{closure}()
#31 /var/www/html/MD5/Dự án/quiz2022-backend/project-quizz/vendor/laravel/framework/src/Illuminate/Pipeline/Pipeline.php(167): Illuminate\\Foundation\\Http\\Middleware\\ValidatePostSize->handle()
#32 /var/www/html/MD5/Dự án/quiz2022-backend/project-quizz/vendor/laravel/framework/src/Illuminate/Foundation/Http/Middleware/PreventRequestsDuringMaintenance.php(86): Illuminate\\Pipeline\\Pipeline->Illuminate\\Pipeline\\{closure}()
#33 /var/www/html/MD5/Dự án/quiz2022-backend/project-quizz/vendor/laravel/framework/src/Illuminate/Pipeline/Pipeline.php(167): Illuminate\\Foundation\\Http\\Middleware\\PreventRequestsDuringMaintenance->handle()
#34 /var/www/html/MD5/Dự án/quiz2022-backend/project-quizz/vendor/fruitcake/laravel-cors/src/HandleCors.php(38): Illuminate\\Pipeline\\Pipeline->Illuminate\\Pipeline\\{closure}()
#35 /var/www/html/MD5/Dự án/quiz2022-backend/project-quizz/vendor/laravel/framework/src/Illuminate/Pipeline/Pipeline.php(167): Fruitcake\\Cors\\HandleCors->handle()
#36 /var/www/html/MD5/Dự án/quiz2022-backend/project-quizz/vendor/laravel/framework/src/Illuminate/Http/Middleware/TrustProxies.php(39): Illuminate\\Pipeline\\Pipeline->Illuminate\\Pipeline\\{closure}()
#37 /var/www/html/MD5/Dự án/quiz2022-backend/project-quizz/vendor/laravel/framework/src/Illuminate/Pipeline/Pipeline.php(167): Illuminate\\Http\\Middleware\\TrustProxies->handle()
#38 /var/www/html/MD5/Dự án/quiz2022-backend/project-quizz/vendor/laravel/framework/src/Illuminate/Pipeline/Pipeline.php(103): Illuminate\\Pipeline\\Pipeline->Illuminate\\Pipeline\\{closure}()
#39 /var/www/html/MD5/Dự án/quiz2022-backend/project-quizz/vendor/laravel/framework/src/Illuminate/Foundation/Http/Kernel.php(142): Illuminate\\Pipeline\\Pipeline->then()
#40 /var/www/html/MD5/Dự án/quiz2022-backend/project-quizz/vendor/laravel/framework/src/Illuminate/Foundation/Http/Kernel.php(111): Illuminate\\Foundation\\Http\\Kernel->sendRequestThroughRouter()
#41 /var/www/html/MD5/Dự án/quiz2022-backend/project-quizz/public/index.php(52): Illuminate\\Foundation\\Http\\Kernel->handle()
#42 /var/www/html/MD5/Dự án/quiz2022-backend/project-quizz/server.php(21): require_once('/var/www/html/M...')
#43 {main}
"} 
[2021-12-31 08:47:06] local.ERROR: No application encryption key has been specified. {"exception":"[object] (Illuminate\\Encryption\\MissingAppKeyException(code: 0): No application encryption key has been specified. at /var/www/html/MD5/Dự án/quiz2022-backend/project-quizz/vendor/laravel/framework/src/Illuminate/Encryption/EncryptionServiceProvider.php:101)
[stacktrace]
#0 /var/www/html/MD5/Dự án/quiz2022-backend/project-quizz/vendor/laravel/framework/src/Illuminate/Support/helpers.php(263): Illuminate\\Encryption\\EncryptionServiceProvider->Illuminate\\Encryption\\{closure}()
#1 /var/www/html/MD5/Dự án/quiz2022-backend/project-quizz/vendor/laravel/framework/src/Illuminate/Encryption/EncryptionServiceProvider.php(103): tap()
#2 /var/www/html/MD5/Dự án/quiz2022-backend/project-quizz/vendor/laravel/framework/src/Illuminate/Encryption/EncryptionServiceProvider.php(82): Illuminate\\Encryption\\EncryptionServiceProvider->key()
#3 /var/www/html/MD5/Dự án/quiz2022-backend/project-quizz/vendor/laravel/framework/src/Illuminate/Encryption/EncryptionServiceProvider.php(34): Illuminate\\Encryption\\EncryptionServiceProvider->parseKey()
#4 /var/www/html/MD5/Dự án/quiz2022-backend/project-quizz/vendor/laravel/framework/src/Illuminate/Container/Container.php(873): Illuminate\\Encryption\\EncryptionServiceProvider->Illuminate\\Encryption\\{closure}()
#5 /var/www/html/MD5/Dự án/quiz2022-backend/project-quizz/vendor/laravel/framework/src/Illuminate/Container/Container.php(758): Illuminate\\Container\\Container->build()
#6 /var/www/html/MD5/Dự án/quiz2022-backend/project-quizz/vendor/laravel/framework/src/Illuminate/Foundation/Application.php(851): Illuminate\\Container\\Container->resolve()
#7 /var/www/html/MD5/Dự án/quiz2022-backend/project-quizz/vendor/laravel/framework/src/Illuminate/Container/Container.php(694): Illuminate\\Foundation\\Application->resolve()
#8 /var/www/html/MD5/Dự án/quiz2022-backend/project-quizz/vendor/laravel/framework/src/Illuminate/Foundation/Application.php(836): Illuminate\\Container\\Container->make()
#9 /var/www/html/MD5/Dự án/quiz2022-backend/project-quizz/vendor/laravel/framework/src/Illuminate/Container/Container.php(1031): Illuminate\\Foundation\\Application->make()
#10 /var/www/html/MD5/Dự án/quiz2022-backend/project-quizz/vendor/laravel/framework/src/Illuminate/Container/Container.php(951): Illuminate\\Container\\Container->resolveClass()
#11 /var/www/html/MD5/Dự án/quiz2022-backend/project-quizz/vendor/laravel/framework/src/Illuminate/Container/Container.php(912): Illuminate\\Container\\Container->resolveDependencies()
#12 /var/www/html/MD5/Dự án/quiz2022-backend/project-quizz/vendor/laravel/framework/src/Illuminate/Container/Container.php(758): Illuminate\\Container\\Container->build()
#13 /var/www/html/MD5/Dự án/quiz2022-backend/project-quizz/vendor/laravel/framework/src/Illuminate/Foundation/Application.php(851): Illuminate\\Container\\Container->resolve()
#14 /var/www/html/MD5/Dự án/quiz2022-backend/project-quizz/vendor/laravel/framework/src/Illuminate/Container/Container.php(694): Illuminate\\Foundation\\Application->resolve()
#15 /var/www/html/MD5/Dự án/quiz2022-backend/project-quizz/vendor/laravel/framework/src/Illuminate/Foundation/Application.php(836): Illuminate\\Container\\Container->make()
#16 /var/www/html/MD5/Dự án/quiz2022-backend/project-quizz/vendor/laravel/framework/src/Illuminate/Foundation/Http/Kernel.php(206): Illuminate\\Foundation\\Application->make()
#17 /var/www/html/MD5/Dự án/quiz2022-backend/project-quizz/vendor/laravel/framework/src/Illuminate/Foundation/Http/Kernel.php(180): Illuminate\\Foundation\\Http\\Kernel->terminateMiddleware()
#18 /var/www/html/MD5/Dự án/quiz2022-backend/project-quizz/public/index.php(55): Illuminate\\Foundation\\Http\\Kernel->terminate()
#19 /var/www/html/MD5/Dự án/quiz2022-backend/project-quizz/server.php(21): require_once('/var/www/html/M...')
#20 {main}
"} 
[2021-12-31 08:48:02] local.ERROR: No application encryption key has been specified. {"exception":"[object] (Illuminate\\Encryption\\MissingAppKeyException(code: 0): No application encryption key has been specified. at /var/www/html/MD5/Dự án/quiz2022-backend/project-quizz/vendor/laravel/framework/src/Illuminate/Encryption/EncryptionServiceProvider.php:101)
[stacktrace]
#0 /var/www/html/MD5/Dự án/quiz2022-backend/project-quizz/vendor/laravel/framework/src/Illuminate/Support/helpers.php(263): Illuminate\\Encryption\\EncryptionServiceProvider->Illuminate\\Encryption\\{closure}()
#1 /var/www/html/MD5/Dự án/quiz2022-backend/project-quizz/vendor/laravel/framework/src/Illuminate/Encryption/EncryptionServiceProvider.php(103): tap()
#2 /var/www/html/MD5/Dự án/quiz2022-backend/project-quizz/vendor/laravel/framework/src/Illuminate/Encryption/EncryptionServiceProvider.php(82): Illuminate\\Encryption\\EncryptionServiceProvider->key()
#3 /var/www/html/MD5/Dự án/quiz2022-backend/project-quizz/vendor/laravel/framework/src/Illuminate/Encryption/EncryptionServiceProvider.php(34): Illuminate\\Encryption\\EncryptionServiceProvider->parseKey()
#4 /var/www/html/MD5/Dự án/quiz2022-backend/project-quizz/vendor/laravel/framework/src/Illuminate/Container/Container.php(873): Illuminate\\Encryption\\EncryptionServiceProvider->Illuminate\\Encryption\\{closure}()
#5 /var/www/html/MD5/Dự án/quiz2022-backend/project-quizz/vendor/laravel/framework/src/Illuminate/Container/Container.php(758): Illuminate\\Container\\Container->build()
#6 /var/www/html/MD5/Dự án/quiz2022-backend/project-quizz/vendor/laravel/framework/src/Illuminate/Foundation/Application.php(851): Illuminate\\Container\\Container->resolve()
#7 /var/www/html/MD5/Dự án/quiz2022-backend/project-quizz/vendor/laravel/framework/src/Illuminate/Container/Container.php(694): Illuminate\\Foundation\\Application->resolve()
#8 /var/www/html/MD5/Dự án/quiz2022-backend/project-quizz/vendor/laravel/framework/src/Illuminate/Foundation/Application.php(836): Illuminate\\Container\\Container->make()
#9 /var/www/html/MD5/Dự án/quiz2022-backend/project-quizz/vendor/laravel/framework/src/Illuminate/Container/Container.php(1031): Illuminate\\Foundation\\Application->make()
#10 /var/www/html/MD5/Dự án/quiz2022-backend/project-quizz/vendor/laravel/framework/src/Illuminate/Container/Container.php(951): Illuminate\\Container\\Container->resolveClass()
#11 /var/www/html/MD5/Dự án/quiz2022-backend/project-quizz/vendor/laravel/framework/src/Illuminate/Container/Container.php(912): Illuminate\\Container\\Container->resolveDependencies()
#12 /var/www/html/MD5/Dự án/quiz2022-backend/project-quizz/vendor/laravel/framework/src/Illuminate/Container/Container.php(758): Illuminate\\Container\\Container->build()
#13 /var/www/html/MD5/Dự án/quiz2022-backend/project-quizz/vendor/laravel/framework/src/Illuminate/Foundation/Application.php(851): Illuminate\\Container\\Container->resolve()
#14 /var/www/html/MD5/Dự án/quiz2022-backend/project-quizz/vendor/laravel/framework/src/Illuminate/Container/Container.php(694): Illuminate\\Foundation\\Application->resolve()
#15 /var/www/html/MD5/Dự án/quiz2022-backend/project-quizz/vendor/laravel/framework/src/Illuminate/Foundation/Application.php(836): Illuminate\\Container\\Container->make()
#16 /var/www/html/MD5/Dự án/quiz2022-backend/project-quizz/vendor/laravel/framework/src/Illuminate/Pipeline/Pipeline.php(156): Illuminate\\Foundation\\Application->make()
#17 /var/www/html/MD5/Dự án/quiz2022-backend/project-quizz/vendor/laravel/framework/src/Illuminate/Pipeline/Pipeline.php(103): Illuminate\\Pipeline\\Pipeline->Illuminate\\Pipeline\\{closure}()
#18 /var/www/html/MD5/Dự án/quiz2022-backend/project-quizz/vendor/laravel/framework/src/Illuminate/Routing/Router.php(697): Illuminate\\Pipeline\\Pipeline->then()
#19 /var/www/html/MD5/Dự án/quiz2022-backend/project-quizz/vendor/laravel/framework/src/Illuminate/Routing/Router.php(672): Illuminate\\Routing\\Router->runRouteWithinStack()
#20 /var/www/html/MD5/Dự án/quiz2022-backend/project-quizz/vendor/laravel/framework/src/Illuminate/Routing/Router.php(636): Illuminate\\Routing\\Router->runRoute()
#21 /var/www/html/MD5/Dự án/quiz2022-backend/project-quizz/vendor/laravel/framework/src/Illuminate/Routing/Router.php(625): Illuminate\\Routing\\Router->dispatchToRoute()
#22 /var/www/html/MD5/Dự án/quiz2022-backend/project-quizz/vendor/laravel/framework/src/Illuminate/Foundation/Http/Kernel.php(167): Illuminate\\Routing\\Router->dispatch()
#23 /var/www/html/MD5/Dự án/quiz2022-backend/project-quizz/vendor/laravel/framework/src/Illuminate/Pipeline/Pipeline.php(128): Illuminate\\Foundation\\Http\\Kernel->Illuminate\\Foundation\\Http\\{closure}()
#24 /var/www/html/MD5/Dự án/quiz2022-backend/project-quizz/vendor/laravel/framework/src/Illuminate/Foundation/Http/Middleware/TransformsRequest.php(21): Illuminate\\Pipeline\\Pipeline->Illuminate\\Pipeline\\{closure}()
#25 /var/www/html/MD5/Dự án/quiz2022-backend/project-quizz/vendor/laravel/framework/src/Illuminate/Foundation/Http/Middleware/ConvertEmptyStringsToNull.php(31): Illuminate\\Foundation\\Http\\Middleware\\TransformsRequest->handle()
#26 /var/www/html/MD5/Dự án/quiz2022-backend/project-quizz/vendor/laravel/framework/src/Illuminate/Pipeline/Pipeline.php(167): Illuminate\\Foundation\\Http\\Middleware\\ConvertEmptyStringsToNull->handle()
#27 /var/www/html/MD5/Dự án/quiz2022-backend/project-quizz/vendor/laravel/framework/src/Illuminate/Foundation/Http/Middleware/TransformsRequest.php(21): Illuminate\\Pipeline\\Pipeline->Illuminate\\Pipeline\\{closure}()
#28 /var/www/html/MD5/Dự án/quiz2022-backend/project-quizz/vendor/laravel/framework/src/Illuminate/Foundation/Http/Middleware/TrimStrings.php(40): Illuminate\\Foundation\\Http\\Middleware\\TransformsRequest->handle()
#29 /var/www/html/MD5/Dự án/quiz2022-backend/project-quizz/vendor/laravel/framework/src/Illuminate/Pipeline/Pipeline.php(167): Illuminate\\Foundation\\Http\\Middleware\\TrimStrings->handle()
#30 /var/www/html/MD5/Dự án/quiz2022-backend/project-quizz/vendor/laravel/framework/src/Illuminate/Foundation/Http/Middleware/ValidatePostSize.php(27): Illuminate\\Pipeline\\Pipeline->Illuminate\\Pipeline\\{closure}()
#31 /var/www/html/MD5/Dự án/quiz2022-backend/project-quizz/vendor/laravel/framework/src/Illuminate/Pipeline/Pipeline.php(167): Illuminate\\Foundation\\Http\\Middleware\\ValidatePostSize->handle()
#32 /var/www/html/MD5/Dự án/quiz2022-backend/project-quizz/vendor/laravel/framework/src/Illuminate/Foundation/Http/Middleware/PreventRequestsDuringMaintenance.php(86): Illuminate\\Pipeline\\Pipeline->Illuminate\\Pipeline\\{closure}()
#33 /var/www/html/MD5/Dự án/quiz2022-backend/project-quizz/vendor/laravel/framework/src/Illuminate/Pipeline/Pipeline.php(167): Illuminate\\Foundation\\Http\\Middleware\\PreventRequestsDuringMaintenance->handle()
#34 /var/www/html/MD5/Dự án/quiz2022-backend/project-quizz/vendor/fruitcake/laravel-cors/src/HandleCors.php(38): Illuminate\\Pipeline\\Pipeline->Illuminate\\Pipeline\\{closure}()
#35 /var/www/html/MD5/Dự án/quiz2022-backend/project-quizz/vendor/laravel/framework/src/Illuminate/Pipeline/Pipeline.php(167): Fruitcake\\Cors\\HandleCors->handle()
#36 /var/www/html/MD5/Dự án/quiz2022-backend/project-quizz/vendor/laravel/framework/src/Illuminate/Http/Middleware/TrustProxies.php(39): Illuminate\\Pipeline\\Pipeline->Illuminate\\Pipeline\\{closure}()
#37 /var/www/html/MD5/Dự án/quiz2022-backend/project-quizz/vendor/laravel/framework/src/Illuminate/Pipeline/Pipeline.php(167): Illuminate\\Http\\Middleware\\TrustProxies->handle()
#38 /var/www/html/MD5/Dự án/quiz2022-backend/project-quizz/vendor/laravel/framework/src/Illuminate/Pipeline/Pipeline.php(103): Illuminate\\Pipeline\\Pipeline->Illuminate\\Pipeline\\{closure}()
#39 /var/www/html/MD5/Dự án/quiz2022-backend/project-quizz/vendor/laravel/framework/src/Illuminate/Foundation/Http/Kernel.php(142): Illuminate\\Pipeline\\Pipeline->then()
#40 /var/www/html/MD5/Dự án/quiz2022-backend/project-quizz/vendor/laravel/framework/src/Illuminate/Foundation/Http/Kernel.php(111): Illuminate\\Foundation\\Http\\Kernel->sendRequestThroughRouter()
#41 /var/www/html/MD5/Dự án/quiz2022-backend/project-quizz/public/index.php(52): Illuminate\\Foundation\\Http\\Kernel->handle()
#42 /var/www/html/MD5/Dự án/quiz2022-backend/project-quizz/server.php(21): require_once('/var/www/html/M...')
#43 {main}
"} 
[2021-12-31 08:48:02] local.ERROR: No application encryption key has been specified. {"exception":"[object] (Illuminate\\Encryption\\MissingAppKeyException(code: 0): No application encryption key has been specified. at /var/www/html/MD5/Dự án/quiz2022-backend/project-quizz/vendor/laravel/framework/src/Illuminate/Encryption/EncryptionServiceProvider.php:101)
[stacktrace]
#0 /var/www/html/MD5/Dự án/quiz2022-backend/project-quizz/vendor/laravel/framework/src/Illuminate/Support/helpers.php(263): Illuminate\\Encryption\\EncryptionServiceProvider->Illuminate\\Encryption\\{closure}()
#1 /var/www/html/MD5/Dự án/quiz2022-backend/project-quizz/vendor/laravel/framework/src/Illuminate/Encryption/EncryptionServiceProvider.php(103): tap()
#2 /var/www/html/MD5/Dự án/quiz2022-backend/project-quizz/vendor/laravel/framework/src/Illuminate/Encryption/EncryptionServiceProvider.php(82): Illuminate\\Encryption\\EncryptionServiceProvider->key()
#3 /var/www/html/MD5/Dự án/quiz2022-backend/project-quizz/vendor/laravel/framework/src/Illuminate/Encryption/EncryptionServiceProvider.php(34): Illuminate\\Encryption\\EncryptionServiceProvider->parseKey()
#4 /var/www/html/MD5/Dự án/quiz2022-backend/project-quizz/vendor/laravel/framework/src/Illuminate/Container/Container.php(873): Illuminate\\Encryption\\EncryptionServiceProvider->Illuminate\\Encryption\\{closure}()
#5 /var/www/html/MD5/Dự án/quiz2022-backend/project-quizz/vendor/laravel/framework/src/Illuminate/Container/Container.php(758): Illuminate\\Container\\Container->build()
#6 /var/www/html/MD5/Dự án/quiz2022-backend/project-quizz/vendor/laravel/framework/src/Illuminate/Foundation/Application.php(851): Illuminate\\Container\\Container->resolve()
#7 /var/www/html/MD5/Dự án/quiz2022-backend/project-quizz/vendor/laravel/framework/src/Illuminate/Container/Container.php(694): Illuminate\\Foundation\\Application->resolve()
#8 /var/www/html/MD5/Dự án/quiz2022-backend/project-quizz/vendor/laravel/framework/src/Illuminate/Foundation/Application.php(836): Illuminate\\Container\\Container->make()
#9 /var/www/html/MD5/Dự án/quiz2022-backend/project-quizz/vendor/laravel/framework/src/Illuminate/Container/Container.php(1031): Illuminate\\Foundation\\Application->make()
#10 /var/www/html/MD5/Dự án/quiz2022-backend/project-quizz/vendor/laravel/framework/src/Illuminate/Container/Container.php(951): Illuminate\\Container\\Container->resolveClass()
#11 /var/www/html/MD5/Dự án/quiz2022-backend/project-quizz/vendor/laravel/framework/src/Illuminate/Container/Container.php(912): Illuminate\\Container\\Container->resolveDependencies()
#12 /var/www/html/MD5/Dự án/quiz2022-backend/project-quizz/vendor/laravel/framework/src/Illuminate/Container/Container.php(758): Illuminate\\Container\\Container->build()
#13 /var/www/html/MD5/Dự án/quiz2022-backend/project-quizz/vendor/laravel/framework/src/Illuminate/Foundation/Application.php(851): Illuminate\\Container\\Container->resolve()
#14 /var/www/html/MD5/Dự án/quiz2022-backend/project-quizz/vendor/laravel/framework/src/Illuminate/Container/Container.php(694): Illuminate\\Foundation\\Application->resolve()
#15 /var/www/html/MD5/Dự án/quiz2022-backend/project-quizz/vendor/laravel/framework/src/Illuminate/Foundation/Application.php(836): Illuminate\\Container\\Container->make()
#16 /var/www/html/MD5/Dự án/quiz2022-backend/project-quizz/vendor/laravel/framework/src/Illuminate/Foundation/Http/Kernel.php(206): Illuminate\\Foundation\\Application->make()
#17 /var/www/html/MD5/Dự án/quiz2022-backend/project-quizz/vendor/laravel/framework/src/Illuminate/Foundation/Http/Kernel.php(180): Illuminate\\Foundation\\Http\\Kernel->terminateMiddleware()
#18 /var/www/html/MD5/Dự án/quiz2022-backend/project-quizz/public/index.php(55): Illuminate\\Foundation\\Http\\Kernel->terminate()
#19 /var/www/html/MD5/Dự án/quiz2022-backend/project-quizz/server.php(21): require_once('/var/www/html/M...')
#20 {main}
"} 
[2021-12-31 09:21:55] local.ERROR: Too few arguments to function Illuminate\View\Factory::startSection(), 0 passed in /var/www/html/MD5/Dự án/quiz2022-backend/project-quizz/storage/framework/views/c2168145f45d5a939b78e6f6a041bc1dfda60d1e.php on line 1 and at least 1 expected (View: /var/www/html/MD5/Dự án/quiz2022-backend/project-quizz/resources/views/backend/test/test.blade.php) {"view":{"view":"/var/www/html/MD5/Dự án/quiz2022-backend/project-quizz/vendor/laravel/framework/src/Illuminate/View/Concerns/ManagesLayouts.php","data":[]},"exception":"[object] (Facade\\Ignition\\Exceptions\\ViewException(code: 0): Too few arguments to function Illuminate\\View\\Factory::startSection(), 0 passed in /var/www/html/MD5/Dự án/quiz2022-backend/project-quizz/storage/framework/views/c2168145f45d5a939b78e6f6a041bc1dfda60d1e.php on line 1 and at least 1 expected (View: /var/www/html/MD5/Dự án/quiz2022-backend/project-quizz/resources/views/backend/test/test.blade.php) at /var/www/html/MD5/Dự án/quiz2022-backend/project-quizz/vendor/laravel/framework/src/Illuminate/View/Concerns/ManagesLayouts.php:46)
[stacktrace]
#0 /var/www/html/MD5/Dự án/quiz2022-backend/project-quizz/resources/views/backend/test/test.blade.php(2): Illuminate\\View\\Factory->startSection()
#1 /var/www/html/MD5/Dự án/quiz2022-backend/project-quizz/vendor/laravel/framework/src/Illuminate/Filesystem/Filesystem.php(107): require('/var/www/html/M...')
#2 /var/www/html/MD5/Dự án/quiz2022-backend/project-quizz/vendor/laravel/framework/src/Illuminate/Filesystem/Filesystem.php(108): Illuminate\\Filesystem\\Filesystem::Illuminate\\Filesystem\\{closure}()
#3 /var/www/html/MD5/Dự án/quiz2022-backend/project-quizz/vendor/laravel/framework/src/Illuminate/View/Engines/PhpEngine.php(58): Illuminate\\Filesystem\\Filesystem->getRequire()
#4 /var/www/html/MD5/Dự án/quiz2022-backend/project-quizz/vendor/laravel/framework/src/Illuminate/View/Engines/CompilerEngine.php(61): Illuminate\\View\\Engines\\PhpEngine->evaluatePath()
#5 /var/www/html/MD5/Dự án/quiz2022-backend/project-quizz/vendor/facade/ignition/src/Views/Engines/CompilerEngine.php(37): Illuminate\\View\\Engines\\CompilerEngine->get()
#6 /var/www/html/MD5/Dự án/quiz2022-backend/project-quizz/vendor/laravel/framework/src/Illuminate/View/View.php(139): Facade\\Ignition\\Views\\Engines\\CompilerEngine->get()
#7 /var/www/html/MD5/Dự án/quiz2022-backend/project-quizz/vendor/laravel/framework/src/Illuminate/View/View.php(122): Illuminate\\View\\View->getContents()
#8 /var/www/html/MD5/Dự án/quiz2022-backend/project-quizz/vendor/laravel/framework/src/Illuminate/View/View.php(91): Illuminate\\View\\View->renderContents()
#9 /var/www/html/MD5/Dự án/quiz2022-backend/project-quizz/vendor/laravel/framework/src/Illuminate/Http/Response.php(69): Illuminate\\View\\View->render()
#10 /var/www/html/MD5/Dự án/quiz2022-backend/project-quizz/vendor/laravel/framework/src/Illuminate/Http/Response.php(35): Illuminate\\Http\\Response->setContent()
#11 /var/www/html/MD5/Dự án/quiz2022-backend/project-quizz/vendor/laravel/framework/src/Illuminate/Routing/Router.php(794): Illuminate\\Http\\Response->__construct()
#12 /var/www/html/MD5/Dự án/quiz2022-backend/project-quizz/vendor/laravel/framework/src/Illuminate/Routing/Router.php(763): Illuminate\\Routing\\Router::toResponse()
#13 /var/www/html/MD5/Dự án/quiz2022-backend/project-quizz/vendor/laravel/framework/src/Illuminate/Routing/Router.php(695): Illuminate\\Routing\\Router->prepareResponse()
#14 /var/www/html/MD5/Dự án/quiz2022-backend/project-quizz/vendor/laravel/framework/src/Illuminate/Pipeline/Pipeline.php(128): Illuminate\\Routing\\Router->Illuminate\\Routing\\{closure}()
#15 /var/www/html/MD5/Dự án/quiz2022-backend/project-quizz/vendor/laravel/framework/src/Illuminate/Routing/Middleware/SubstituteBindings.php(50): Illuminate\\Pipeline\\Pipeline->Illuminate\\Pipeline\\{closure}()
#16 /var/www/html/MD5/Dự án/quiz2022-backend/project-quizz/vendor/laravel/framework/src/Illuminate/Pipeline/Pipeline.php(167): Illuminate\\Routing\\Middleware\\SubstituteBindings->handle()
#17 /var/www/html/MD5/Dự án/quiz2022-backend/project-quizz/vendor/laravel/framework/src/Illuminate/Foundation/Http/Middleware/VerifyCsrfToken.php(78): Illuminate\\Pipeline\\Pipeline->Illuminate\\Pipeline\\{closure}()
#18 /var/www/html/MD5/Dự án/quiz2022-backend/project-quizz/vendor/laravel/framework/src/Illuminate/Pipeline/Pipeline.php(167): Illuminate\\Foundation\\Http\\Middleware\\VerifyCsrfToken->handle()
#19 /var/www/html/MD5/Dự án/quiz2022-backend/project-quizz/vendor/laravel/framework/src/Illuminate/View/Middleware/ShareErrorsFromSession.php(49): Illuminate\\Pipeline\\Pipeline->Illuminate\\Pipeline\\{closure}()
#20 /var/www/html/MD5/Dự án/quiz2022-backend/project-quizz/vendor/laravel/framework/src/Illuminate/Pipeline/Pipeline.php(167): Illuminate\\View\\Middleware\\ShareErrorsFromSession->handle()
#21 /var/www/html/MD5/Dự án/quiz2022-backend/project-quizz/vendor/laravel/framework/src/Illuminate/Session/Middleware/StartSession.php(121): Illuminate\\Pipeline\\Pipeline->Illuminate\\Pipeline\\{closure}()
#22 /var/www/html/MD5/Dự án/quiz2022-backend/project-quizz/vendor/laravel/framework/src/Illuminate/Session/Middleware/StartSession.php(64): Illuminate\\Session\\Middleware\\StartSession->handleStatefulRequest()
#23 /var/www/html/MD5/Dự án/quiz2022-backend/project-quizz/vendor/laravel/framework/src/Illuminate/Pipeline/Pipeline.php(167): Illuminate\\Session\\Middleware\\StartSession->handle()
#24 /var/www/html/MD5/Dự án/quiz2022-backend/project-quizz/vendor/laravel/framework/src/Illuminate/Cookie/Middleware/AddQueuedCookiesToResponse.php(37): Illuminate\\Pipeline\\Pipeline->Illuminate\\Pipeline\\{closure}()
#25 /var/www/html/MD5/Dự án/quiz2022-backend/project-quizz/vendor/laravel/framework/src/Illuminate/Pipeline/Pipeline.php(167): Illuminate\\Cookie\\Middleware\\AddQueuedCookiesToResponse->handle()
#26 /var/www/html/MD5/Dự án/quiz2022-backend/project-quizz/vendor/laravel/framework/src/Illuminate/Cookie/Middleware/EncryptCookies.php(67): Illuminate\\Pipeline\\Pipeline->Illuminate\\Pipeline\\{closure}()
#27 /var/www/html/MD5/Dự án/quiz2022-backend/project-quizz/vendor/laravel/framework/src/Illuminate/Pipeline/Pipeline.php(167): Illuminate\\Cookie\\Middleware\\EncryptCookies->handle()
#28 /var/www/html/MD5/Dự án/quiz2022-backend/project-quizz/vendor/laravel/framework/src/Illuminate/Pipeline/Pipeline.php(103): Illuminate\\Pipeline\\Pipeline->Illuminate\\Pipeline\\{closure}()
#29 /var/www/html/MD5/Dự án/quiz2022-backend/project-quizz/vendor/laravel/framework/src/Illuminate/Routing/Router.php(697): Illuminate\\Pipeline\\Pipeline->then()
#30 /var/www/html/MD5/Dự án/quiz2022-backend/project-quizz/vendor/laravel/framework/src/Illuminate/Routing/Router.php(672): Illuminate\\Routing\\Router->runRouteWithinStack()
#31 /var/www/html/MD5/Dự án/quiz2022-backend/project-quizz/vendor/laravel/framework/src/Illuminate/Routing/Router.php(636): Illuminate\\Routing\\Router->runRoute()
#32 /var/www/html/MD5/Dự án/quiz2022-backend/project-quizz/vendor/laravel/framework/src/Illuminate/Routing/Router.php(625): Illuminate\\Routing\\Router->dispatchToRoute()
#33 /var/www/html/MD5/Dự án/quiz2022-backend/project-quizz/vendor/laravel/framework/src/Illuminate/Foundation/Http/Kernel.php(167): Illuminate\\Routing\\Router->dispatch()
#34 /var/www/html/MD5/Dự án/quiz2022-backend/project-quizz/vendor/laravel/framework/src/Illuminate/Pipeline/Pipeline.php(128): Illuminate\\Foundation\\Http\\Kernel->Illuminate\\Foundation\\Http\\{closure}()
#35 /var/www/html/MD5/Dự án/quiz2022-backend/project-quizz/vendor/laravel/framework/src/Illuminate/Foundation/Http/Middleware/TransformsRequest.php(21): Illuminate\\Pipeline\\Pipeline->Illuminate\\Pipeline\\{closure}()
#36 /var/www/html/MD5/Dự án/quiz2022-backend/project-quizz/vendor/laravel/framework/src/Illuminate/Foundation/Http/Middleware/ConvertEmptyStringsToNull.php(31): Illuminate\\Foundation\\Http\\Middleware\\TransformsRequest->handle()
#37 /var/www/html/MD5/Dự án/quiz2022-backend/project-quizz/vendor/laravel/framework/src/Illuminate/Pipeline/Pipeline.php(167): Illuminate\\Foundation\\Http\\Middleware\\ConvertEmptyStringsToNull->handle()
#38 /var/www/html/MD5/Dự án/quiz2022-backend/project-quizz/vendor/laravel/framework/src/Illuminate/Foundation/Http/Middleware/TransformsRequest.php(21): Illuminate\\Pipeline\\Pipeline->Illuminate\\Pipeline\\{closure}()
#39 /var/www/html/MD5/Dự án/quiz2022-backend/project-quizz/vendor/laravel/framework/src/Illuminate/Foundation/Http/Middleware/TrimStrings.php(40): Illuminate\\Foundation\\Http\\Middleware\\TransformsRequest->handle()
#40 /var/www/html/MD5/Dự án/quiz2022-backend/project-quizz/vendor/laravel/framework/src/Illuminate/Pipeline/Pipeline.php(167): Illuminate\\Foundation\\Http\\Middleware\\TrimStrings->handle()
#41 /var/www/html/MD5/Dự án/quiz2022-backend/project-quizz/vendor/laravel/framework/src/Illuminate/Foundation/Http/Middleware/ValidatePostSize.php(27): Illuminate\\Pipeline\\Pipeline->Illuminate\\Pipeline\\{closure}()
#42 /var/www/html/MD5/Dự án/quiz2022-backend/project-quizz/vendor/laravel/framework/src/Illuminate/Pipeline/Pipeline.php(167): Illuminate\\Foundation\\Http\\Middleware\\ValidatePostSize->handle()
#43 /var/www/html/MD5/Dự án/quiz2022-backend/project-quizz/vendor/laravel/framework/src/Illuminate/Foundation/Http/Middleware/PreventRequestsDuringMaintenance.php(86): Illuminate\\Pipeline\\Pipeline->Illuminate\\Pipeline\\{closure}()
#44 /var/www/html/MD5/Dự án/quiz2022-backend/project-quizz/vendor/laravel/framework/src/Illuminate/Pipeline/Pipeline.php(167): Illuminate\\Foundation\\Http\\Middleware\\PreventRequestsDuringMaintenance->handle()
#45 /var/www/html/MD5/Dự án/quiz2022-backend/project-quizz/vendor/fruitcake/laravel-cors/src/HandleCors.php(38): Illuminate\\Pipeline\\Pipeline->Illuminate\\Pipeline\\{closure}()
#46 /var/www/html/MD5/Dự án/quiz2022-backend/project-quizz/vendor/laravel/framework/src/Illuminate/Pipeline/Pipeline.php(167): Fruitcake\\Cors\\HandleCors->handle()
#47 /var/www/html/MD5/Dự án/quiz2022-backend/project-quizz/vendor/laravel/framework/src/Illuminate/Http/Middleware/TrustProxies.php(39): Illuminate\\Pipeline\\Pipeline->Illuminate\\Pipeline\\{closure}()
#48 /var/www/html/MD5/Dự án/quiz2022-backend/project-quizz/vendor/laravel/framework/src/Illuminate/Pipeline/Pipeline.php(167): Illuminate\\Http\\Middleware\\TrustProxies->handle()
#49 /var/www/html/MD5/Dự án/quiz2022-backend/project-quizz/vendor/laravel/framework/src/Illuminate/Pipeline/Pipeline.php(103): Illuminate\\Pipeline\\Pipeline->Illuminate\\Pipeline\\{closure}()
#50 /var/www/html/MD5/Dự án/quiz2022-backend/project-quizz/vendor/laravel/framework/src/Illuminate/Foundation/Http/Kernel.php(142): Illuminate\\Pipeline\\Pipeline->then()
#51 /var/www/html/MD5/Dự án/quiz2022-backend/project-quizz/vendor/laravel/framework/src/Illuminate/Foundation/Http/Kernel.php(111): Illuminate\\Foundation\\Http\\Kernel->sendRequestThroughRouter()
#52 /var/www/html/MD5/Dự án/quiz2022-backend/project-quizz/public/index.php(52): Illuminate\\Foundation\\Http\\Kernel->handle()
#53 /var/www/html/MD5/Dự án/quiz2022-backend/project-quizz/server.php(21): require_once('/var/www/html/M...')
#54 {main}

[previous exception] [object] (ArgumentCountError(code: 0): Too few arguments to function Illuminate\\View\\Factory::startSection(), 0 passed in /var/www/html/MD5/Dự án/quiz2022-backend/project-quizz/storage/framework/views/c2168145f45d5a939b78e6f6a041bc1dfda60d1e.php on line 1 and at least 1 expected at /var/www/html/MD5/Dự án/quiz2022-backend/project-quizz/vendor/laravel/framework/src/Illuminate/View/Concerns/ManagesLayouts.php:46)
[stacktrace]
#0 /var/www/html/MD5/Dự án/quiz2022-backend/project-quizz/storage/framework/views/c2168145f45d5a939b78e6f6a041bc1dfda60d1e.php(1): Illuminate\\View\\Factory->startSection()
#1 /var/www/html/MD5/Dự án/quiz2022-backend/project-quizz/vendor/laravel/framework/src/Illuminate/Filesystem/Filesystem.php(107): require('/var/www/html/M...')
#2 /var/www/html/MD5/Dự án/quiz2022-backend/project-quizz/vendor/laravel/framework/src/Illuminate/Filesystem/Filesystem.php(108): Illuminate\\Filesystem\\Filesystem::Illuminate\\Filesystem\\{closure}()
#3 /var/www/html/MD5/Dự án/quiz2022-backend/project-quizz/vendor/laravel/framework/src/Illuminate/View/Engines/PhpEngine.php(58): Illuminate\\Filesystem\\Filesystem->getRequire()
#4 /var/www/html/MD5/Dự án/quiz2022-backend/project-quizz/vendor/laravel/framework/src/Illuminate/View/Engines/CompilerEngine.php(61): Illuminate\\View\\Engines\\PhpEngine->evaluatePath()
#5 /var/www/html/MD5/Dự án/quiz2022-backend/project-quizz/vendor/facade/ignition/src/Views/Engines/CompilerEngine.php(37): Illuminate\\View\\Engines\\CompilerEngine->get()
#6 /var/www/html/MD5/Dự án/quiz2022-backend/project-quizz/vendor/laravel/framework/src/Illuminate/View/View.php(139): Facade\\Ignition\\Views\\Engines\\CompilerEngine->get()
#7 /var/www/html/MD5/Dự án/quiz2022-backend/project-quizz/vendor/laravel/framework/src/Illuminate/View/View.php(122): Illuminate\\View\\View->getContents()
#8 /var/www/html/MD5/Dự án/quiz2022-backend/project-quizz/vendor/laravel/framework/src/Illuminate/View/View.php(91): Illuminate\\View\\View->renderContents()
#9 /var/www/html/MD5/Dự án/quiz2022-backend/project-quizz/vendor/laravel/framework/src/Illuminate/Http/Response.php(69): Illuminate\\View\\View->render()
#10 /var/www/html/MD5/Dự án/quiz2022-backend/project-quizz/vendor/laravel/framework/src/Illuminate/Http/Response.php(35): Illuminate\\Http\\Response->setContent()
#11 /var/www/html/MD5/Dự án/quiz2022-backend/project-quizz/vendor/laravel/framework/src/Illuminate/Routing/Router.php(794): Illuminate\\Http\\Response->__construct()
#12 /var/www/html/MD5/Dự án/quiz2022-backend/project-quizz/vendor/laravel/framework/src/Illuminate/Routing/Router.php(763): Illuminate\\Routing\\Router::toResponse()
#13 /var/www/html/MD5/Dự án/quiz2022-backend/project-quizz/vendor/laravel/framework/src/Illuminate/Routing/Router.php(695): Illuminate\\Routing\\Router->prepareResponse()
#14 /var/www/html/MD5/Dự án/quiz2022-backend/project-quizz/vendor/laravel/framework/src/Illuminate/Pipeline/Pipeline.php(128): Illuminate\\Routing\\Router->Illuminate\\Routing\\{closure}()
#15 /var/www/html/MD5/Dự án/quiz2022-backend/project-quizz/vendor/laravel/framework/src/Illuminate/Routing/Middleware/SubstituteBindings.php(50): Illuminate\\Pipeline\\Pipeline->Illuminate\\Pipeline\\{closure}()
#16 /var/www/html/MD5/Dự án/quiz2022-backend/project-quizz/vendor/laravel/framework/src/Illuminate/Pipeline/Pipeline.php(167): Illuminate\\Routing\\Middleware\\SubstituteBindings->handle()
#17 /var/www/html/MD5/Dự án/quiz2022-backend/project-quizz/vendor/laravel/framework/src/Illuminate/Foundation/Http/Middleware/VerifyCsrfToken.php(78): Illuminate\\Pipeline\\Pipeline->Illuminate\\Pipeline\\{closure}()
#18 /var/www/html/MD5/Dự án/quiz2022-backend/project-quizz/vendor/laravel/framework/src/Illuminate/Pipeline/Pipeline.php(167): Illuminate\\Foundation\\Http\\Middleware\\VerifyCsrfToken->handle()
#19 /var/www/html/MD5/Dự án/quiz2022-backend/project-quizz/vendor/laravel/framework/src/Illuminate/View/Middleware/ShareErrorsFromSession.php(49): Illuminate\\Pipeline\\Pipeline->Illuminate\\Pipeline\\{closure}()
#20 /var/www/html/MD5/Dự án/quiz2022-backend/project-quizz/vendor/laravel/framework/src/Illuminate/Pipeline/Pipeline.php(167): Illuminate\\View\\Middleware\\ShareErrorsFromSession->handle()
#21 /var/www/html/MD5/Dự án/quiz2022-backend/project-quizz/vendor/laravel/framework/src/Illuminate/Session/Middleware/StartSession.php(121): Illuminate\\Pipeline\\Pipeline->Illuminate\\Pipeline\\{closure}()
#22 /var/www/html/MD5/Dự án/quiz2022-backend/project-quizz/vendor/laravel/framework/src/Illuminate/Session/Middleware/StartSession.php(64): Illuminate\\Session\\Middleware\\StartSession->handleStatefulRequest()
#23 /var/www/html/MD5/Dự án/quiz2022-backend/project-quizz/vendor/laravel/framework/src/Illuminate/Pipeline/Pipeline.php(167): Illuminate\\Session\\Middleware\\StartSession->handle()
#24 /var/www/html/MD5/Dự án/quiz2022-backend/project-quizz/vendor/laravel/framework/src/Illuminate/Cookie/Middleware/AddQueuedCookiesToResponse.php(37): Illuminate\\Pipeline\\Pipeline->Illuminate\\Pipeline\\{closure}()
#25 /var/www/html/MD5/Dự án/quiz2022-backend/project-quizz/vendor/laravel/framework/src/Illuminate/Pipeline/Pipeline.php(167): Illuminate\\Cookie\\Middleware\\AddQueuedCookiesToResponse->handle()
#26 /var/www/html/MD5/Dự án/quiz2022-backend/project-quizz/vendor/laravel/framework/src/Illuminate/Cookie/Middleware/EncryptCookies.php(67): Illuminate\\Pipeline\\Pipeline->Illuminate\\Pipeline\\{closure}()
#27 /var/www/html/MD5/Dự án/quiz2022-backend/project-quizz/vendor/laravel/framework/src/Illuminate/Pipeline/Pipeline.php(167): Illuminate\\Cookie\\Middleware\\EncryptCookies->handle()
#28 /var/www/html/MD5/Dự án/quiz2022-backend/project-quizz/vendor/laravel/framework/src/Illuminate/Pipeline/Pipeline.php(103): Illuminate\\Pipeline\\Pipeline->Illuminate\\Pipeline\\{closure}()
#29 /var/www/html/MD5/Dự án/quiz2022-backend/project-quizz/vendor/laravel/framework/src/Illuminate/Routing/Router.php(697): Illuminate\\Pipeline\\Pipeline->then()
#30 /var/www/html/MD5/Dự án/quiz2022-backend/project-quizz/vendor/laravel/framework/src/Illuminate/Routing/Router.php(672): Illuminate\\Routing\\Router->runRouteWithinStack()
#31 /var/www/html/MD5/Dự án/quiz2022-backend/project-quizz/vendor/laravel/framework/src/Illuminate/Routing/Router.php(636): Illuminate\\Routing\\Router->runRoute()
#32 /var/www/html/MD5/Dự án/quiz2022-backend/project-quizz/vendor/laravel/framework/src/Illuminate/Routing/Router.php(625): Illuminate\\Routing\\Router->dispatchToRoute()
#33 /var/www/html/MD5/Dự án/quiz2022-backend/project-quizz/vendor/laravel/framework/src/Illuminate/Foundation/Http/Kernel.php(167): Illuminate\\Routing\\Router->dispatch()
#34 /var/www/html/MD5/Dự án/quiz2022-backend/project-quizz/vendor/laravel/framework/src/Illuminate/Pipeline/Pipeline.php(128): Illuminate\\Foundation\\Http\\Kernel->Illuminate\\Foundation\\Http\\{closure}()
#35 /var/www/html/MD5/Dự án/quiz2022-backend/project-quizz/vendor/laravel/framework/src/Illuminate/Foundation/Http/Middleware/TransformsRequest.php(21): Illuminate\\Pipeline\\Pipeline->Illuminate\\Pipeline\\{closure}()
#36 /var/www/html/MD5/Dự án/quiz2022-backend/project-quizz/vendor/laravel/framework/src/Illuminate/Foundation/Http/Middleware/ConvertEmptyStringsToNull.php(31): Illuminate\\Foundation\\Http\\Middleware\\TransformsRequest->handle()
#37 /var/www/html/MD5/Dự án/quiz2022-backend/project-quizz/vendor/laravel/framework/src/Illuminate/Pipeline/Pipeline.php(167): Illuminate\\Foundation\\Http\\Middleware\\ConvertEmptyStringsToNull->handle()
#38 /var/www/html/MD5/Dự án/quiz2022-backend/project-quizz/vendor/laravel/framework/src/Illuminate/Foundation/Http/Middleware/TransformsRequest.php(21): Illuminate\\Pipeline\\Pipeline->Illuminate\\Pipeline\\{closure}()
#39 /var/www/html/MD5/Dự án/quiz2022-backend/project-quizz/vendor/laravel/framework/src/Illuminate/Foundation/Http/Middleware/TrimStrings.php(40): Illuminate\\Foundation\\Http\\Middleware\\TransformsRequest->handle()
#40 /var/www/html/MD5/Dự án/quiz2022-backend/project-quizz/vendor/laravel/framework/src/Illuminate/Pipeline/Pipeline.php(167): Illuminate\\Foundation\\Http\\Middleware\\TrimStrings->handle()
#41 /var/www/html/MD5/Dự án/quiz2022-backend/project-quizz/vendor/laravel/framework/src/Illuminate/Foundation/Http/Middleware/ValidatePostSize.php(27): Illuminate\\Pipeline\\Pipeline->Illuminate\\Pipeline\\{closure}()
#42 /var/www/html/MD5/Dự án/quiz2022-backend/project-quizz/vendor/laravel/framework/src/Illuminate/Pipeline/Pipeline.php(167): Illuminate\\Foundation\\Http\\Middleware\\ValidatePostSize->handle()
#43 /var/www/html/MD5/Dự án/quiz2022-backend/project-quizz/vendor/laravel/framework/src/Illuminate/Foundation/Http/Middleware/PreventRequestsDuringMaintenance.php(86): Illuminate\\Pipeline\\Pipeline->Illuminate\\Pipeline\\{closure}()
#44 /var/www/html/MD5/Dự án/quiz2022-backend/project-quizz/vendor/laravel/framework/src/Illuminate/Pipeline/Pipeline.php(167): Illuminate\\Foundation\\Http\\Middleware\\PreventRequestsDuringMaintenance->handle()
#45 /var/www/html/MD5/Dự án/quiz2022-backend/project-quizz/vendor/fruitcake/laravel-cors/src/HandleCors.php(38): Illuminate\\Pipeline\\Pipeline->Illuminate\\Pipeline\\{closure}()
#46 /var/www/html/MD5/Dự án/quiz2022-backend/project-quizz/vendor/laravel/framework/src/Illuminate/Pipeline/Pipeline.php(167): Fruitcake\\Cors\\HandleCors->handle()
#47 /var/www/html/MD5/Dự án/quiz2022-backend/project-quizz/vendor/laravel/framework/src/Illuminate/Http/Middleware/TrustProxies.php(39): Illuminate\\Pipeline\\Pipeline->Illuminate\\Pipeline\\{closure}()
#48 /var/www/html/MD5/Dự án/quiz2022-backend/project-quizz/vendor/laravel/framework/src/Illuminate/Pipeline/Pipeline.php(167): Illuminate\\Http\\Middleware\\TrustProxies->handle()
#49 /var/www/html/MD5/Dự án/quiz2022-backend/project-quizz/vendor/laravel/framework/src/Illuminate/Pipeline/Pipeline.php(103): Illuminate\\Pipeline\\Pipeline->Illuminate\\Pipeline\\{closure}()
#50 /var/www/html/MD5/Dự án/quiz2022-backend/project-quizz/vendor/laravel/framework/src/Illuminate/Foundation/Http/Kernel.php(142): Illuminate\\Pipeline\\Pipeline->then()
#51 /var/www/html/MD5/Dự án/quiz2022-backend/project-quizz/vendor/laravel/framework/src/Illuminate/Foundation/Http/Kernel.php(111): Illuminate\\Foundation\\Http\\Kernel->sendRequestThroughRouter()
#52 /var/www/html/MD5/Dự án/quiz2022-backend/project-quizz/public/index.php(52): Illuminate\\Foundation\\Http\\Kernel->handle()
#53 /var/www/html/MD5/Dự án/quiz2022-backend/project-quizz/server.php(21): require_once('/var/www/html/M...')
#54 {main}
"} 
[2022-01-04 00:31:33] local.ERROR: The "--UserSeeder" option does not exist. {"exception":"[object] (Symfony\\Component\\Console\\Exception\\RuntimeException(code: 0): The \"--UserSeeder\" option does not exist. at /var/www/html/MD5/Dự án/quiz2022-backend/project-quizz/vendor/symfony/console/Input/ArgvInput.php:220)
[stacktrace]
#0 /var/www/html/MD5/Dự án/quiz2022-backend/project-quizz/vendor/symfony/console/Input/ArgvInput.php(149): Symfony\\Component\\Console\\Input\\ArgvInput->addLongOption()
#1 /var/www/html/MD5/Dự án/quiz2022-backend/project-quizz/vendor/symfony/console/Input/ArgvInput.php(82): Symfony\\Component\\Console\\Input\\ArgvInput->parseLongOption()
#2 /var/www/html/MD5/Dự án/quiz2022-backend/project-quizz/vendor/symfony/console/Input/ArgvInput.php(71): Symfony\\Component\\Console\\Input\\ArgvInput->parseToken()
#3 /var/www/html/MD5/Dự án/quiz2022-backend/project-quizz/vendor/symfony/console/Input/Input.php(55): Symfony\\Component\\Console\\Input\\ArgvInput->parse()
#4 /var/www/html/MD5/Dự án/quiz2022-backend/project-quizz/vendor/symfony/console/Command/Command.php(257): Symfony\\Component\\Console\\Input\\Input->bind()
#5 /var/www/html/MD5/Dự án/quiz2022-backend/project-quizz/vendor/laravel/framework/src/Illuminate/Console/Command.php(121): Symfony\\Component\\Console\\Command\\Command->run()
#6 /var/www/html/MD5/Dự án/quiz2022-backend/project-quizz/vendor/symfony/console/Application.php(1005): Illuminate\\Console\\Command->run()
#7 /var/www/html/MD5/Dự án/quiz2022-backend/project-quizz/vendor/symfony/console/Application.php(299): Symfony\\Component\\Console\\Application->doRunCommand()
#8 /var/www/html/MD5/Dự án/quiz2022-backend/project-quizz/vendor/symfony/console/Application.php(171): Symfony\\Component\\Console\\Application->doRun()
#9 /var/www/html/MD5/Dự án/quiz2022-backend/project-quizz/vendor/laravel/framework/src/Illuminate/Console/Application.php(94): Symfony\\Component\\Console\\Application->run()
#10 /var/www/html/MD5/Dự án/quiz2022-backend/project-quizz/vendor/laravel/framework/src/Illuminate/Foundation/Console/Kernel.php(129): Illuminate\\Console\\Application->run()
#11 /var/www/html/MD5/Dự án/quiz2022-backend/project-quizz/artisan(37): Illuminate\\Foundation\\Console\\Kernel->handle()
#12 {main}
"} 
[2022-01-04 00:32:59] local.ERROR: SQLSTATE[42S02]: Base table or view not found: 1146 Table 'quizz.users' doesn't exist (SQL: insert into `users` (`name`, `email`, `password`, `updated_at`, `created_at`) values (Admin, admin@gmail.com, $2y$10$4vHDZMyZe4V6NZmi6UqJau15AuALD4tJP7d9WMv/.4q6PuE7R/vw2, 2022-01-04 00:32:59, 2022-01-04 00:32:59)) {"exception":"[object] (Illuminate\\Database\\QueryException(code: 42S02): SQLSTATE[42S02]: Base table or view not found: 1146 Table 'quizz.users' doesn't exist (SQL: insert into `users` (`name`, `email`, `password`, `updated_at`, `created_at`) values (Admin, admin@gmail.com, $2y$10$4vHDZMyZe4V6NZmi6UqJau15AuALD4tJP7d9WMv/.4q6PuE7R/vw2, 2022-01-04 00:32:59, 2022-01-04 00:32:59)) at /var/www/html/MD5/Dự án/quiz2022-backend/project-quizz/vendor/laravel/framework/src/Illuminate/Database/Connection.php:703)
[stacktrace]
#0 /var/www/html/MD5/Dự án/quiz2022-backend/project-quizz/vendor/laravel/framework/src/Illuminate/Database/Connection.php(663): Illuminate\\Database\\Connection->runQueryCallback()
#1 /var/www/html/MD5/Dự án/quiz2022-backend/project-quizz/vendor/laravel/framework/src/Illuminate/Database/Connection.php(493): Illuminate\\Database\\Connection->run()
#2 /var/www/html/MD5/Dự án/quiz2022-backend/project-quizz/vendor/laravel/framework/src/Illuminate/Database/Connection.php(445): Illuminate\\Database\\Connection->statement()
#3 /var/www/html/MD5/Dự án/quiz2022-backend/project-quizz/vendor/laravel/framework/src/Illuminate/Database/Query/Processors/Processor.php(32): Illuminate\\Database\\Connection->insert()
#4 /var/www/html/MD5/Dự án/quiz2022-backend/project-quizz/vendor/laravel/framework/src/Illuminate/Database/Query/Builder.php(2966): Illuminate\\Database\\Query\\Processors\\Processor->processInsertGetId()
#5 /var/www/html/MD5/Dự án/quiz2022-backend/project-quizz/vendor/laravel/framework/src/Illuminate/Database/Eloquent/Builder.php(1655): Illuminate\\Database\\Query\\Builder->insertGetId()
#6 /var/www/html/MD5/Dự án/quiz2022-backend/project-quizz/vendor/laravel/framework/src/Illuminate/Database/Eloquent/Model.php(1188): Illuminate\\Database\\Eloquent\\Builder->__call()
#7 /var/www/html/MD5/Dự án/quiz2022-backend/project-quizz/vendor/laravel/framework/src/Illuminate/Database/Eloquent/Model.php(1153): Illuminate\\Database\\Eloquent\\Model->insertAndSetId()
#8 /var/www/html/MD5/Dự án/quiz2022-backend/project-quizz/vendor/laravel/framework/src/Illuminate/Database/Eloquent/Model.php(994): Illuminate\\Database\\Eloquent\\Model->performInsert()
#9 /var/www/html/MD5/Dự án/quiz2022-backend/project-quizz/database/seeders/UserSeeder.php(22): Illuminate\\Database\\Eloquent\\Model->save()
#10 /var/www/html/MD5/Dự án/quiz2022-backend/project-quizz/vendor/laravel/framework/src/Illuminate/Container/BoundMethod.php(36): Database\\Seeders\\UserSeeder->run()
#11 /var/www/html/MD5/Dự án/quiz2022-backend/project-quizz/vendor/laravel/framework/src/Illuminate/Container/Util.php(40): Illuminate\\Container\\BoundMethod::Illuminate\\Container\\{closure}()
#12 /var/www/html/MD5/Dự án/quiz2022-backend/project-quizz/vendor/laravel/framework/src/Illuminate/Container/BoundMethod.php(93): Illuminate\\Container\\Util::unwrapIfClosure()
#13 /var/www/html/MD5/Dự án/quiz2022-backend/project-quizz/vendor/laravel/framework/src/Illuminate/Container/BoundMethod.php(37): Illuminate\\Container\\BoundMethod::callBoundMethod()
#14 /var/www/html/MD5/Dự án/quiz2022-backend/project-quizz/vendor/laravel/framework/src/Illuminate/Container/Container.php(653): Illuminate\\Container\\BoundMethod::call()
#15 /var/www/html/MD5/Dự án/quiz2022-backend/project-quizz/vendor/laravel/framework/src/Illuminate/Database/Seeder.php(149): Illuminate\\Container\\Container->call()
#16 /var/www/html/MD5/Dự án/quiz2022-backend/project-quizz/vendor/laravel/framework/src/Illuminate/Database/Console/Seeds/SeedCommand.php(66): Illuminate\\Database\\Seeder->__invoke()
#17 /var/www/html/MD5/Dự án/quiz2022-backend/project-quizz/vendor/laravel/framework/src/Illuminate/Database/Eloquent/Concerns/GuardsAttributes.php(157): Illuminate\\Database\\Console\\Seeds\\SeedCommand->Illuminate\\Database\\Console\\Seeds\\{closure}()
#18 /var/www/html/MD5/Dự án/quiz2022-backend/project-quizz/vendor/laravel/framework/src/Illuminate/Database/Console/Seeds/SeedCommand.php(67): Illuminate\\Database\\Eloquent\\Model::unguarded()
#19 /var/www/html/MD5/Dự án/quiz2022-backend/project-quizz/vendor/laravel/framework/src/Illuminate/Container/BoundMethod.php(36): Illuminate\\Database\\Console\\Seeds\\SeedCommand->handle()
#20 /var/www/html/MD5/Dự án/quiz2022-backend/project-quizz/vendor/laravel/framework/src/Illuminate/Container/Util.php(40): Illuminate\\Container\\BoundMethod::Illuminate\\Container\\{closure}()
#21 /var/www/html/MD5/Dự án/quiz2022-backend/project-quizz/vendor/laravel/framework/src/Illuminate/Container/BoundMethod.php(93): Illuminate\\Container\\Util::unwrapIfClosure()
#22 /var/www/html/MD5/Dự án/quiz2022-backend/project-quizz/vendor/laravel/framework/src/Illuminate/Container/BoundMethod.php(37): Illuminate\\Container\\BoundMethod::callBoundMethod()
#23 /var/www/html/MD5/Dự án/quiz2022-backend/project-quizz/vendor/laravel/framework/src/Illuminate/Container/Container.php(653): Illuminate\\Container\\BoundMethod::call()
#24 /var/www/html/MD5/Dự án/quiz2022-backend/project-quizz/vendor/laravel/framework/src/Illuminate/Console/Command.php(136): Illuminate\\Container\\Container->call()
#25 /var/www/html/MD5/Dự án/quiz2022-backend/project-quizz/vendor/symfony/console/Command/Command.php(298): Illuminate\\Console\\Command->execute()
#26 /var/www/html/MD5/Dự án/quiz2022-backend/project-quizz/vendor/laravel/framework/src/Illuminate/Console/Command.php(121): Symfony\\Component\\Console\\Command\\Command->run()
#27 /var/www/html/MD5/Dự án/quiz2022-backend/project-quizz/vendor/symfony/console/Application.php(1005): Illuminate\\Console\\Command->run()
#28 /var/www/html/MD5/Dự án/quiz2022-backend/project-quizz/vendor/symfony/console/Application.php(299): Symfony\\Component\\Console\\Application->doRunCommand()
#29 /var/www/html/MD5/Dự án/quiz2022-backend/project-quizz/vendor/symfony/console/Application.php(171): Symfony\\Component\\Console\\Application->doRun()
#30 /var/www/html/MD5/Dự án/quiz2022-backend/project-quizz/vendor/laravel/framework/src/Illuminate/Console/Application.php(94): Symfony\\Component\\Console\\Application->run()
#31 /var/www/html/MD5/Dự án/quiz2022-backend/project-quizz/vendor/laravel/framework/src/Illuminate/Foundation/Console/Kernel.php(129): Illuminate\\Console\\Application->run()
#32 /var/www/html/MD5/Dự án/quiz2022-backend/project-quizz/artisan(37): Illuminate\\Foundation\\Console\\Kernel->handle()
#33 {main}

[previous exception] [object] (PDOException(code: 42S02): SQLSTATE[42S02]: Base table or view not found: 1146 Table 'quizz.users' doesn't exist at /var/www/html/MD5/Dự án/quiz2022-backend/project-quizz/vendor/laravel/framework/src/Illuminate/Database/Connection.php:486)
[stacktrace]
#0 /var/www/html/MD5/Dự án/quiz2022-backend/project-quizz/vendor/laravel/framework/src/Illuminate/Database/Connection.php(486): PDO->prepare()
#1 /var/www/html/MD5/Dự án/quiz2022-backend/project-quizz/vendor/laravel/framework/src/Illuminate/Database/Connection.php(696): Illuminate\\Database\\Connection->Illuminate\\Database\\{closure}()
#2 /var/www/html/MD5/Dự án/quiz2022-backend/project-quizz/vendor/laravel/framework/src/Illuminate/Database/Connection.php(663): Illuminate\\Database\\Connection->runQueryCallback()
#3 /var/www/html/MD5/Dự án/quiz2022-backend/project-quizz/vendor/laravel/framework/src/Illuminate/Database/Connection.php(493): Illuminate\\Database\\Connection->run()
#4 /var/www/html/MD5/Dự án/quiz2022-backend/project-quizz/vendor/laravel/framework/src/Illuminate/Database/Connection.php(445): Illuminate\\Database\\Connection->statement()
#5 /var/www/html/MD5/Dự án/quiz2022-backend/project-quizz/vendor/laravel/framework/src/Illuminate/Database/Query/Processors/Processor.php(32): Illuminate\\Database\\Connection->insert()
#6 /var/www/html/MD5/Dự án/quiz2022-backend/project-quizz/vendor/laravel/framework/src/Illuminate/Database/Query/Builder.php(2966): Illuminate\\Database\\Query\\Processors\\Processor->processInsertGetId()
#7 /var/www/html/MD5/Dự án/quiz2022-backend/project-quizz/vendor/laravel/framework/src/Illuminate/Database/Eloquent/Builder.php(1655): Illuminate\\Database\\Query\\Builder->insertGetId()
#8 /var/www/html/MD5/Dự án/quiz2022-backend/project-quizz/vendor/laravel/framework/src/Illuminate/Database/Eloquent/Model.php(1188): Illuminate\\Database\\Eloquent\\Builder->__call()
#9 /var/www/html/MD5/Dự án/quiz2022-backend/project-quizz/vendor/laravel/framework/src/Illuminate/Database/Eloquent/Model.php(1153): Illuminate\\Database\\Eloquent\\Model->insertAndSetId()
#10 /var/www/html/MD5/Dự án/quiz2022-backend/project-quizz/vendor/laravel/framework/src/Illuminate/Database/Eloquent/Model.php(994): Illuminate\\Database\\Eloquent\\Model->performInsert()
#11 /var/www/html/MD5/Dự án/quiz2022-backend/project-quizz/database/seeders/UserSeeder.php(22): Illuminate\\Database\\Eloquent\\Model->save()
#12 /var/www/html/MD5/Dự án/quiz2022-backend/project-quizz/vendor/laravel/framework/src/Illuminate/Container/BoundMethod.php(36): Database\\Seeders\\UserSeeder->run()
#13 /var/www/html/MD5/Dự án/quiz2022-backend/project-quizz/vendor/laravel/framework/src/Illuminate/Container/Util.php(40): Illuminate\\Container\\BoundMethod::Illuminate\\Container\\{closure}()
#14 /var/www/html/MD5/Dự án/quiz2022-backend/project-quizz/vendor/laravel/framework/src/Illuminate/Container/BoundMethod.php(93): Illuminate\\Container\\Util::unwrapIfClosure()
#15 /var/www/html/MD5/Dự án/quiz2022-backend/project-quizz/vendor/laravel/framework/src/Illuminate/Container/BoundMethod.php(37): Illuminate\\Container\\BoundMethod::callBoundMethod()
#16 /var/www/html/MD5/Dự án/quiz2022-backend/project-quizz/vendor/laravel/framework/src/Illuminate/Container/Container.php(653): Illuminate\\Container\\BoundMethod::call()
#17 /var/www/html/MD5/Dự án/quiz2022-backend/project-quizz/vendor/laravel/framework/src/Illuminate/Database/Seeder.php(149): Illuminate\\Container\\Container->call()
#18 /var/www/html/MD5/Dự án/quiz2022-backend/project-quizz/vendor/laravel/framework/src/Illuminate/Database/Console/Seeds/SeedCommand.php(66): Illuminate\\Database\\Seeder->__invoke()
#19 /var/www/html/MD5/Dự án/quiz2022-backend/project-quizz/vendor/laravel/framework/src/Illuminate/Database/Eloquent/Concerns/GuardsAttributes.php(157): Illuminate\\Database\\Console\\Seeds\\SeedCommand->Illuminate\\Database\\Console\\Seeds\\{closure}()
#20 /var/www/html/MD5/Dự án/quiz2022-backend/project-quizz/vendor/laravel/framework/src/Illuminate/Database/Console/Seeds/SeedCommand.php(67): Illuminate\\Database\\Eloquent\\Model::unguarded()
#21 /var/www/html/MD5/Dự án/quiz2022-backend/project-quizz/vendor/laravel/framework/src/Illuminate/Container/BoundMethod.php(36): Illuminate\\Database\\Console\\Seeds\\SeedCommand->handle()
#22 /var/www/html/MD5/Dự án/quiz2022-backend/project-quizz/vendor/laravel/framework/src/Illuminate/Container/Util.php(40): Illuminate\\Container\\BoundMethod::Illuminate\\Container\\{closure}()
#23 /var/www/html/MD5/Dự án/quiz2022-backend/project-quizz/vendor/laravel/framework/src/Illuminate/Container/BoundMethod.php(93): Illuminate\\Container\\Util::unwrapIfClosure()
#24 /var/www/html/MD5/Dự án/quiz2022-backend/project-quizz/vendor/laravel/framework/src/Illuminate/Container/BoundMethod.php(37): Illuminate\\Container\\BoundMethod::callBoundMethod()
#25 /var/www/html/MD5/Dự án/quiz2022-backend/project-quizz/vendor/laravel/framework/src/Illuminate/Container/Container.php(653): Illuminate\\Container\\BoundMethod::call()
#26 /var/www/html/MD5/Dự án/quiz2022-backend/project-quizz/vendor/laravel/framework/src/Illuminate/Console/Command.php(136): Illuminate\\Container\\Container->call()
#27 /var/www/html/MD5/Dự án/quiz2022-backend/project-quizz/vendor/symfony/console/Command/Command.php(298): Illuminate\\Console\\Command->execute()
#28 /var/www/html/MD5/Dự án/quiz2022-backend/project-quizz/vendor/laravel/framework/src/Illuminate/Console/Command.php(121): Symfony\\Component\\Console\\Command\\Command->run()
#29 /var/www/html/MD5/Dự án/quiz2022-backend/project-quizz/vendor/symfony/console/Application.php(1005): Illuminate\\Console\\Command->run()
#30 /var/www/html/MD5/Dự án/quiz2022-backend/project-quizz/vendor/symfony/console/Application.php(299): Symfony\\Component\\Console\\Application->doRunCommand()
#31 /var/www/html/MD5/Dự án/quiz2022-backend/project-quizz/vendor/symfony/console/Application.php(171): Symfony\\Component\\Console\\Application->doRun()
#32 /var/www/html/MD5/Dự án/quiz2022-backend/project-quizz/vendor/laravel/framework/src/Illuminate/Console/Application.php(94): Symfony\\Component\\Console\\Application->run()
#33 /var/www/html/MD5/Dự án/quiz2022-backend/project-quizz/vendor/laravel/framework/src/Illuminate/Foundation/Console/Kernel.php(129): Illuminate\\Console\\Application->run()
#34 /var/www/html/MD5/Dự án/quiz2022-backend/project-quizz/artisan(37): Illuminate\\Foundation\\Console\\Kernel->handle()
#35 {main}
"} 
